   1               		.file	"RNDIS.c"
   2               	__SREG__ = 0x3f
   3               	__SP_H__ = 0x3e
   4               	__SP_L__ = 0x3d
   5               	__CCP__ = 0x34
   6               	__tmp_reg__ = 0
   7               	__zero_reg__ = 1
  15               	.Ltext0:
  16               		.section	.text.RNDIS_Device_ProcessControlRequest,"ax",@progbits
  17               	.global	RNDIS_Device_ProcessControlRequest
  19               	RNDIS_Device_ProcessControlRequest:
  20               	.LFB91:
  21               	.LSM0:
  22               	.LVL0:
  23 0000 CF92      		push r12
  24 0002 DF92      		push r13
  25 0004 EF92      		push r14
  26 0006 FF92      		push r15
  27 0008 0F93      		push r16
  28 000a 1F93      		push r17
  29 000c CF93      		push r28
  30 000e DF93      		push r29
  31               	/* prologue: function */
  32               	/* frame size = 0 */
  33               	/* stack size = 8 */
  34               	.L__stack_usage = 8
  35 0010 EC01      		movw r28,r24
  36               	.LBB62:
  37               	.LBB63:
  38               	.LSM1:
  39 0012 8091 E800 		lds r24,232
  40               	.LVL1:
  41               	.LBE63:
  42               	.LBE62:
  43               	.LSM2:
  44 0016 83FF      		sbrs r24,3
  45 0018 00C0      		rjmp .L1
  46               	.LSM3:
  47 001a 8881      		ld r24,Y
  48 001c 90E0      		ldi r25,lo8(0)
  49 001e 2091 0000 		lds r18,USB_ControlRequest+4
  50 0022 3091 0000 		lds r19,USB_ControlRequest+4+1
  51 0026 2817      		cp r18,r24
  52 0028 3907      		cpc r19,r25
  53 002a 01F0      		breq .+2
  54 002c 00C0      		rjmp .L1
  55               	.LSM4:
  56 002e 8091 0000 		lds r24,USB_ControlRequest+1
  57 0032 8823      		tst r24
  58 0034 01F0      		breq .L3
  59 0036 8130      		cpi r24,lo8(1)
  60 0038 01F0      		breq .+2
  61 003a 00C0      		rjmp .L1
  62 003c 00C0      		rjmp .L47
  63               	.L3:
  64               	.LSM5:
  65 003e 8091 0000 		lds r24,USB_ControlRequest
  66 0042 8132      		cpi r24,lo8(33)
  67 0044 01F0      		breq .+2
  68 0046 00C0      		rjmp .L1
  69               	.LBB64:
  70               	.LBB65:
  71               	.LSM6:
  72 0048 8091 E800 		lds r24,232
  73 004c 877F      		andi r24,lo8(-9)
  74 004e 8093 E800 		sts 232,r24
  75               	.LBE65:
  76               	.LBE64:
  77               	.LSM7:
  78 0052 8E01      		movw r16,r28
  79 0054 0B5E      		subi r16,lo8(-(21))
  80 0056 1F4F      		sbci r17,hi8(-(21))
  81 0058 6091 0000 		lds r22,USB_ControlRequest+6
  82 005c 7091 0000 		lds r23,USB_ControlRequest+6+1
  83 0060 C801      		movw r24,r16
  84 0062 0E94 0000 		call Endpoint_Read_Control_Stream_LE
  85               	.LBB66:
  86               	.LBB67:
  87               	.LSM8:
  88 0066 8091 E800 		lds r24,232
  89 006a 8E77      		andi r24,lo8(126)
  90 006c 8093 E800 		sts 232,r24
  91               	.LVL2:
  92               	.LBE67:
  93               	.LBE66:
  94               	.LBB68:
  95               	.LBB69:
  96               	.LSM9:
  97 0070 8D89      		ldd r24,Y+21
  98 0072 9E89      		ldd r25,Y+22
  99 0074 AF89      		ldd r26,Y+23
 100 0076 B88D      		ldd r27,Y+24
 101 0078 8430      		cpi r24,lo8(4)
 102 007a 9105      		cpc r25,__zero_reg__
 103 007c A105      		cpc r26,__zero_reg__
 104 007e B105      		cpc r27,__zero_reg__
 105 0080 01F4      		brne .+2
 106 0082 00C0      		rjmp .L7
 107 0084 8530      		cpi r24,lo8(5)
 108 0086 9105      		cpc r25,__zero_reg__
 109 0088 A105      		cpc r26,__zero_reg__
 110 008a B105      		cpc r27,__zero_reg__
 111 008c 00F4      		brsh .L11
 112 008e 8230      		cpi r24,lo8(2)
 113 0090 9105      		cpc r25,__zero_reg__
 114 0092 A105      		cpc r26,__zero_reg__
 115 0094 B105      		cpc r27,__zero_reg__
 116 0096 01F0      		breq .L5
 117 0098 8330      		cpi r24,lo8(3)
 118 009a 9105      		cpc r25,__zero_reg__
 119 009c A105      		cpc r26,__zero_reg__
 120 009e B105      		cpc r27,__zero_reg__
 121 00a0 01F0      		breq .+2
 122 00a2 00C0      		rjmp .L1
 123 00a4 00C0      		rjmp .L48
 124               	.L11:
 125 00a6 8630      		cpi r24,lo8(6)
 126 00a8 9105      		cpc r25,__zero_reg__
 127 00aa A105      		cpc r26,__zero_reg__
 128 00ac B105      		cpc r27,__zero_reg__
 129 00ae 01F4      		brne .+2
 130 00b0 00C0      		rjmp .L9
 131 00b2 8630      		cpi r24,lo8(6)
 132 00b4 9105      		cpc r25,__zero_reg__
 133 00b6 A105      		cpc r26,__zero_reg__
 134 00b8 B105      		cpc r27,__zero_reg__
 135 00ba 00F4      		brsh .+2
 136 00bc 00C0      		rjmp .L8
 137 00be 8830      		cpi r24,lo8(8)
 138 00c0 9105      		cpc r25,__zero_reg__
 139 00c2 A105      		cpc r26,__zero_reg__
 140 00c4 B105      		cpc r27,__zero_reg__
 141 00c6 01F0      		breq .+2
 142 00c8 00C0      		rjmp .L1
 143 00ca 00C0      		rjmp .L49
 144               	.L5:
 145               	.LBB70:
 146               	.LSM10:
 147 00cc FE01      		movw r30,r28
 148 00ce EB56      		subi r30,lo8(-(149))
 149 00d0 FF4F      		sbci r31,hi8(-(149))
 150 00d2 21E0      		ldi r18,lo8(1)
 151 00d4 2083      		st Z,r18
 152               	.LVL3:
 153               	.LSM11:
 154 00d6 82E0      		ldi r24,lo8(-2147483646)
 155 00d8 90E0      		ldi r25,hi8(-2147483646)
 156 00da A0E0      		ldi r26,hlo8(-2147483646)
 157 00dc B0E8      		ldi r27,hhi8(-2147483646)
 158 00de 8D8B      		std Y+21,r24
 159 00e0 9E8B      		std Y+22,r25
 160 00e2 AF8B      		std Y+23,r26
 161 00e4 B88F      		std Y+24,r27
 162               	.LSM12:
 163 00e6 84E3      		ldi r24,lo8(52)
 164 00e8 90E0      		ldi r25,hi8(52)
 165 00ea A0E0      		ldi r26,hlo8(52)
 166 00ec B0E0      		ldi r27,hhi8(52)
 167 00ee F801      		movw r30,r16
 168 00f0 8483      		std Z+4,r24
 169 00f2 9583      		std Z+5,r25
 170 00f4 A683      		std Z+6,r26
 171 00f6 B783      		std Z+7,r27
 172               	.LSM13:
 173 00f8 D801      		movw r26,r16
 174 00fa 1C96      		adiw r26,12
 175 00fc 1D92      		st X+,__zero_reg__
 176 00fe 1D92      		st X+,__zero_reg__
 177 0100 1D92      		st X+,__zero_reg__
 178 0102 1C92      		st X,__zero_reg__
 179 0104 1F97      		sbiw r26,12+3
 180               	.LSM14:
 181 0106 81E0      		ldi r24,lo8(1)
 182 0108 90E0      		ldi r25,hi8(1)
 183 010a A0E0      		ldi r26,hlo8(1)
 184 010c B0E0      		ldi r27,hhi8(1)
 185 010e 808B      		std Z+16,r24
 186 0110 918B      		std Z+17,r25
 187 0112 A28B      		std Z+18,r26
 188 0114 B38B      		std Z+19,r27
 189               	.LSM15:
 190 0116 148A      		std Z+20,__zero_reg__
 191 0118 158A      		std Z+21,__zero_reg__
 192 011a 168A      		std Z+22,__zero_reg__
 193 011c 178A      		std Z+23,__zero_reg__
 194               	.LSM16:
 195 011e 808F      		std Z+24,r24
 196 0120 918F      		std Z+25,r25
 197 0122 A28F      		std Z+26,r26
 198 0124 B38F      		std Z+27,r27
 199               	.LSM17:
 200 0126 148E      		std Z+28,__zero_reg__
 201 0128 158E      		std Z+29,__zero_reg__
 202 012a 168E      		std Z+30,__zero_reg__
 203 012c 178E      		std Z+31,__zero_reg__
 204               	.LSM18:
 205 012e 80A3      		std Z+32,r24
 206 0130 91A3      		std Z+33,r25
 207 0132 A2A3      		std Z+34,r26
 208 0134 B3A3      		std Z+35,r27
 209               	.LSM19:
 210 0136 88E0      		ldi r24,lo8(1544)
 211 0138 96E0      		ldi r25,hi8(1544)
 212 013a A0E0      		ldi r26,hlo8(1544)
 213 013c B0E0      		ldi r27,hhi8(1544)
 214 013e 84A3      		std Z+36,r24
 215 0140 95A3      		std Z+37,r25
 216 0142 A6A3      		std Z+38,r26
 217 0144 B7A3      		std Z+39,r27
 218               	.LSM20:
 219 0146 D801      		movw r26,r16
 220 0148 9896      		adiw r26,40
 221 014a 1D92      		st X+,__zero_reg__
 222 014c 1D92      		st X+,__zero_reg__
 223 014e 1D92      		st X+,__zero_reg__
 224 0150 1C92      		st X,__zero_reg__
 225 0152 9B97      		sbiw r26,40+3
 226               	.LSM21:
 227 0154 14A6      		std Z+44,__zero_reg__
 228 0156 15A6      		std Z+45,__zero_reg__
 229 0158 16A6      		std Z+46,__zero_reg__
 230 015a 17A6      		std Z+47,__zero_reg__
 231               	.LSM22:
 232 015c D096      		adiw r26,48
 233 015e 1D92      		st X+,__zero_reg__
 234 0160 1D92      		st X+,__zero_reg__
 235 0162 1D92      		st X+,__zero_reg__
 236 0164 1C92      		st X,__zero_reg__
 237 0166 D397      		sbiw r26,48+3
 238               	.LSM23:
 239 0168 CA56      		subi r28,lo8(-(150))
 240 016a DF4F      		sbci r29,hi8(-(150))
 241               	.LVL4:
 242 016c 2883      		st Y,r18
 243 016e 00C0      		rjmp .L1
 244               	.LVL5:
 245               	.L48:
 246               	.LSM24:
 247 0170 FE01      		movw r30,r28
 248 0172 EB56      		subi r30,lo8(-(149))
 249 0174 FF4F      		sbci r31,hi8(-(149))
 250 0176 1082      		st Z,__zero_reg__
 251               	.LSM25:
 252 0178 F801      		movw r30,r16
 253 017a 1482      		std Z+4,__zero_reg__
 254 017c 1582      		std Z+5,__zero_reg__
 255 017e 1682      		std Z+6,__zero_reg__
 256 0180 1782      		std Z+7,__zero_reg__
 257               	.LSM26:
 258 0182 CA56      		subi r28,lo8(-(150))
 259 0184 DF4F      		sbci r29,hi8(-(150))
 260               	.LVL6:
 261 0186 1882      		st Y,__zero_reg__
 262 0188 00C0      		rjmp .L1
 263               	.LVL7:
 264               	.L7:
 265               	.LSM27:
 266 018a FE01      		movw r30,r28
 267 018c EB56      		subi r30,lo8(-(149))
 268 018e FF4F      		sbci r31,hi8(-(149))
 269 0190 81E0      		ldi r24,lo8(1)
 270 0192 8083      		st Z,r24
 271               	.LVL8:
 272               	.LSM28:
 273 0194 D801      		movw r26,r16
 274 0196 1C96      		adiw r26,12
 275 0198 2D91      		ld r18,X+
 276 019a 3D91      		ld r19,X+
 277 019c 4D91      		ld r20,X+
 278 019e 5C91      		ld r21,X
 279 01a0 1F97      		sbiw r26,12+3
 280               	.LVL9:
 281               	.LSM29:
 282 01a2 FE01      		movw r30,r28
 283 01a4 BD96      		adiw r30,45
 284               	.LVL10:
 285               	.LSM30:
 286 01a6 84E0      		ldi r24,lo8(-2147483644)
 287 01a8 90E0      		ldi r25,hi8(-2147483644)
 288 01aa A0E0      		ldi r26,hlo8(-2147483644)
 289 01ac B0E8      		ldi r27,hhi8(-2147483644)
 290 01ae 8D8B      		std Y+21,r24
 291 01b0 9E8B      		std Y+22,r25
 292 01b2 AF8B      		std Y+23,r26
 293 01b4 B88F      		std Y+24,r27
 294               	.LSM31:
 295 01b6 88E1      		ldi r24,lo8(24)
 296 01b8 C82E      		mov r12,r24
 297 01ba D12C      		mov r13,__zero_reg__
 298 01bc E12C      		mov r14,__zero_reg__
 299 01be F12C      		mov r15,__zero_reg__
 300 01c0 D801      		movw r26,r16
 301 01c2 1496      		adiw r26,4
 302 01c4 CD92      		st X+,r12
 303 01c6 DD92      		st X+,r13
 304 01c8 ED92      		st X+,r14
 305 01ca FC92      		st X,r15
 306 01cc 1797      		sbiw r26,4+3
 307               	.LVL11:
 308               	.LBB74:
 309               	.LBB75:
 310               	.LSM32:
 311 01ce 2E30      		cpi r18,lo8(65806)
 312 01d0 B1E0      		ldi r27,hi8(65806)
 313 01d2 3B07      		cpc r19,r27
 314 01d4 B1E0      		ldi r27,hlo8(65806)
 315 01d6 4B07      		cpc r20,r27
 316 01d8 B0E0      		ldi r27,hhi8(65806)
 317 01da 5B07      		cpc r21,r27
 318 01dc 01F4      		brne .+2
 319 01de 00C0      		rjmp .L20
 320 01e0 2F30      		cpi r18,lo8(65807)
 321 01e2 61E0      		ldi r22,hi8(65807)
 322 01e4 3607      		cpc r19,r22
 323 01e6 61E0      		ldi r22,hlo8(65807)
 324 01e8 4607      		cpc r20,r22
 325 01ea 60E0      		ldi r22,hhi8(65807)
 326 01ec 5607      		cpc r21,r22
 327 01ee 00F0      		brlo .+2
 328 01f0 00C0      		rjmp .L27
 329 01f2 2630      		cpi r18,lo8(65798)
 330 01f4 81E0      		ldi r24,hi8(65798)
 331 01f6 3807      		cpc r19,r24
 332 01f8 81E0      		ldi r24,hlo8(65798)
 333 01fa 4807      		cpc r20,r24
 334 01fc 80E0      		ldi r24,hhi8(65798)
 335 01fe 5807      		cpc r21,r24
 336 0200 01F4      		brne .+2
 337 0202 00C0      		rjmp .L16
 338 0204 2730      		cpi r18,lo8(65799)
 339 0206 A1E0      		ldi r26,hi8(65799)
 340 0208 3A07      		cpc r19,r26
 341 020a A1E0      		ldi r26,hlo8(65799)
 342 020c 4A07      		cpc r20,r26
 343 020e A0E0      		ldi r26,hhi8(65799)
 344 0210 5A07      		cpc r21,r26
 345 0212 00F4      		brsh .L28
 346 0214 2230      		cpi r18,lo8(65794)
 347 0216 B1E0      		ldi r27,hi8(65794)
 348 0218 3B07      		cpc r19,r27
 349 021a B1E0      		ldi r27,hlo8(65794)
 350 021c 4B07      		cpc r20,r27
 351 021e B0E0      		ldi r27,hhi8(65794)
 352 0220 5B07      		cpc r21,r27
 353 0222 01F4      		brne .+2
 354 0224 00C0      		rjmp .L24
 355 0226 2330      		cpi r18,lo8(65795)
 356 0228 61E0      		ldi r22,hi8(65795)
 357 022a 3607      		cpc r19,r22
 358 022c 61E0      		ldi r22,hlo8(65795)
 359 022e 4607      		cpc r20,r22
 360 0230 60E0      		ldi r22,hhi8(65795)
 361 0232 5607      		cpc r21,r22
 362 0234 00F4      		brsh .L29
 363 0236 2130      		cpi r18,lo8(65793)
 364 0238 81E0      		ldi r24,hi8(65793)
 365 023a 3807      		cpc r19,r24
 366 023c 81E0      		ldi r24,hlo8(65793)
 367 023e 4807      		cpc r20,r24
 368 0240 80E0      		ldi r24,hhi8(65793)
 369 0242 5807      		cpc r21,r24
 370 0244 01F0      		breq .+2
 371 0246 00C0      		rjmp .L12
 372 0248 00C0      		rjmp .L50
 373               	.L29:
 374 024a 2530      		cpi r18,lo8(65797)
 375 024c A1E0      		ldi r26,hi8(65797)
 376 024e 3A07      		cpc r19,r26
 377 0250 A1E0      		ldi r26,hlo8(65797)
 378 0252 4A07      		cpc r20,r26
 379 0254 A0E0      		ldi r26,hhi8(65797)
 380 0256 5A07      		cpc r21,r26
 381 0258 00F0      		brlo .+2
 382 025a 00C0      		rjmp .L12
 383 025c 00C0      		rjmp .L24
 384               	.L28:
 385 025e 2C30      		cpi r18,lo8(65804)
 386 0260 B1E0      		ldi r27,hi8(65804)
 387 0262 3B07      		cpc r19,r27
 388 0264 B1E0      		ldi r27,hlo8(65804)
 389 0266 4B07      		cpc r20,r27
 390 0268 B0E0      		ldi r27,hhi8(65804)
 391 026a 5B07      		cpc r21,r27
 392 026c 00F4      		brsh .L30
 393 026e 2A30      		cpi r18,lo8(65802)
 394 0270 E1E0      		ldi r30,hi8(65802)
 395 0272 3E07      		cpc r19,r30
 396 0274 E1E0      		ldi r30,hlo8(65802)
 397 0276 4E07      		cpc r20,r30
 398 0278 E0E0      		ldi r30,hhi8(65802)
 399 027a 5E07      		cpc r21,r30
 400               	.LVL12:
 401 027c 00F0      		brlo .+2
 402 027e 00C0      		rjmp .L16
 403 0280 2730      		cpi r18,lo8(65799)
 404 0282 F1E0      		ldi r31,hi8(65799)
 405 0284 3F07      		cpc r19,r31
 406 0286 F1E0      		ldi r31,hlo8(65799)
 407 0288 4F07      		cpc r20,r31
 408 028a F0E0      		ldi r31,hhi8(65799)
 409 028c 5F07      		cpc r21,r31
 410 028e 01F0      		breq .+2
 411 0290 00C0      		rjmp .L12
 412 0292 00C0      		rjmp .L51
 413               	.LVL13:
 414               	.L30:
 415 0294 2C30      		cpi r18,lo8(65804)
 416 0296 61E0      		ldi r22,hi8(65804)
 417 0298 3607      		cpc r19,r22
 418 029a 61E0      		ldi r22,hlo8(65804)
 419 029c 4607      		cpc r20,r22
 420 029e 60E0      		ldi r22,hhi8(65804)
 421 02a0 5607      		cpc r21,r22
 422 02a2 01F4      		brne .+2
 423 02a4 00C0      		rjmp .L18
 424 02a6 2D30      		cpi r18,lo8(65805)
 425 02a8 81E0      		ldi r24,hi8(65805)
 426 02aa 3807      		cpc r19,r24
 427 02ac 81E0      		ldi r24,hlo8(65805)
 428 02ae 4807      		cpc r20,r24
 429 02b0 80E0      		ldi r24,hhi8(65805)
 430 02b2 5807      		cpc r21,r24
 431 02b4 01F0      		breq .+2
 432 02b6 00C0      		rjmp .L12
 433 02b8 00C0      		rjmp .L52
 434               	.L27:
 435 02ba 2630      		cpi r18,lo8(131334)
 436 02bc A1E0      		ldi r26,hi8(131334)
 437 02be 3A07      		cpc r19,r26
 438 02c0 A2E0      		ldi r26,hlo8(131334)
 439 02c2 4A07      		cpc r20,r26
 440 02c4 A0E0      		ldi r26,hhi8(131334)
 441 02c6 5A07      		cpc r21,r26
 442 02c8 00F4      		brsh .L31
 443 02ca 2130      		cpi r18,lo8(131329)
 444 02cc B1E0      		ldi r27,hi8(131329)
 445 02ce 3B07      		cpc r19,r27
 446 02d0 B2E0      		ldi r27,hlo8(131329)
 447 02d2 4B07      		cpc r20,r27
 448 02d4 B0E0      		ldi r27,hhi8(131329)
 449 02d6 5B07      		cpc r21,r27
 450 02d8 00F0      		brlo .+2
 451 02da 00C0      		rjmp .L24
 452 02dc 2431      		cpi r18,lo8(65812)
 453 02de E1E0      		ldi r30,hi8(65812)
 454 02e0 3E07      		cpc r19,r30
 455 02e2 E1E0      		ldi r30,hlo8(65812)
 456 02e4 4E07      		cpc r20,r30
 457 02e6 E0E0      		ldi r30,hhi8(65812)
 458 02e8 5E07      		cpc r21,r30
 459               	.LVL14:
 460 02ea 01F4      		brne .+2
 461 02ec 00C0      		rjmp .L24
 462 02ee 2230      		cpi r18,lo8(66050)
 463 02f0 F2E0      		ldi r31,hi8(66050)
 464 02f2 3F07      		cpc r19,r31
 465 02f4 F1E0      		ldi r31,hlo8(66050)
 466 02f6 4F07      		cpc r20,r31
 467 02f8 F0E0      		ldi r31,hhi8(66050)
 468 02fa 5F07      		cpc r21,r31
 469 02fc 01F4      		brne .+2
 470 02fe 00C0      		rjmp .L24
 471 0300 2131      		cpi r18,lo8(65809)
 472 0302 61E0      		ldi r22,hi8(65809)
 473 0304 3607      		cpc r19,r22
 474 0306 61E0      		ldi r22,hlo8(65809)
 475 0308 4607      		cpc r20,r22
 476 030a 60E0      		ldi r22,hhi8(65809)
 477 030c 5607      		cpc r21,r22
 478 030e 01F0      		breq .+2
 479 0310 00C0      		rjmp .L12
 480 0312 00C0      		rjmp .L53
 481               	.LVL15:
 482               	.L31:
 483 0314 2430      		cpi r18,lo8(16843012)
 484 0316 81E0      		ldi r24,hi8(16843012)
 485 0318 3807      		cpc r19,r24
 486 031a 81E0      		ldi r24,hlo8(16843012)
 487 031c 4807      		cpc r20,r24
 488 031e 81E0      		ldi r24,hhi8(16843012)
 489 0320 5807      		cpc r21,r24
 490 0322 01F4      		brne .+2
 491 0324 00C0      		rjmp .L26
 492 0326 2530      		cpi r18,lo8(16843013)
 493 0328 A1E0      		ldi r26,hi8(16843013)
 494 032a 3A07      		cpc r19,r26
 495 032c A1E0      		ldi r26,hlo8(16843013)
 496 032e 4A07      		cpc r20,r26
 497 0330 A1E0      		ldi r26,hhi8(16843013)
 498 0332 5A07      		cpc r21,r26
 499 0334 00F4      		brsh .L32
 500 0336 2150      		subi r18,lo8(-(-16843009))
 501 0338 3140      		sbci r19,hi8(-(-16843009))
 502 033a 4140      		sbci r20,hlo8(-(-16843009))
 503 033c 5140      		sbci r21,hhi8(-(-16843009))
 504 033e 2230      		cpi r18,lo8(2)
 505 0340 3105      		cpc r19,__zero_reg__
 506 0342 4105      		cpc r20,__zero_reg__
 507 0344 5105      		cpc r21,__zero_reg__
 508 0346 00F0      		brlo .+2
 509 0348 00C0      		rjmp .L12
 510 034a 00C0      		rjmp .L54
 511               	.L32:
 512 034c 2150      		subi r18,lo8(-(-16908545))
 513 034e 3140      		sbci r19,hi8(-(-16908545))
 514 0350 4240      		sbci r20,hlo8(-(-16908545))
 515 0352 5140      		sbci r21,hhi8(-(-16908545))
 516 0354 2330      		cpi r18,lo8(3)
 517 0356 3105      		cpc r19,__zero_reg__
 518 0358 4105      		cpc r20,__zero_reg__
 519 035a 5105      		cpc r21,__zero_reg__
 520 035c 00F0      		brlo .+2
 521 035e 00C0      		rjmp .L12
 522 0360 00C0      		rjmp .L24
 523               	.L50:
 524               	.LVL16:
 525               	.LSM33:
 526 0362 CF01      		movw r24,r30
 527 0364 60E0      		ldi r22,lo8(AdapterSupportedOIDList)
 528 0366 70E0      		ldi r23,hi8(AdapterSupportedOIDList)
 529 0368 4CE6      		ldi r20,lo8(108)
 530 036a 50E0      		ldi r21,hi8(108)
 531 036c 0E94 0000 		call memcpy_P
 532               	.LVL17:
 533               	.LSM34:
 534 0370 CCE6      		ldi r28,lo8(108)
 535 0372 D0E0      		ldi r29,hi8(108)
 536               	.LVL18:
 537 0374 00C0      		rjmp .L33
 538               	.LVL19:
 539               	.L18:
 540               	.LSM35:
 541 0376 8FEF      		ldi r24,lo8(16777215)
 542 0378 9FEF      		ldi r25,hi8(16777215)
 543 037a AFEF      		ldi r26,hlo8(16777215)
 544 037c B0E0      		ldi r27,hhi8(16777215)
 545 037e 00C0      		rjmp .L46
 546               	.LVL20:
 547               	.L16:
 548               	.LSM36:
 549 0380 8CED      		ldi r24,lo8(1500)
 550 0382 95E0      		ldi r25,hi8(1500)
 551 0384 A0E0      		ldi r26,hlo8(1500)
 552 0386 B0E0      		ldi r27,hhi8(1500)
 553 0388 00C0      		rjmp .L46
 554               	.LVL21:
 555               	.L52:
 556               	.LSM37:
 557 038a 6D85      		ldd r22,Y+13
 558 038c 7E85      		ldd r23,Y+14
 559 038e DB01      		movw r26,r22
 560 0390 ED01      		movw r28,r26
 561 0392 0990      		ld __tmp_reg__,Y+
 562 0394 0020      		tst __tmp_reg__
 563 0396 01F4      		brne .-6
 564 0398 CA1B      		sub r28,r26
 565 039a DB0B      		sbc r29,r27
 566               	.LVL22:
 567               	.LSM38:
 568 039c CF01      		movw r24,r30
 569 039e AE01      		movw r20,r28
 570 03a0 0E94 0000 		call memcpy
 571               	.LVL23:
 572 03a4 00C0      		rjmp .L33
 573               	.LVL24:
 574               	.L51:
 575               	.LSM39:
 576 03a6 80EA      		ldi r24,lo8(100000)
 577 03a8 96E8      		ldi r25,hi8(100000)
 578 03aa A1E0      		ldi r26,hlo8(100000)
 579 03ac B0E0      		ldi r27,hhi8(100000)
 580 03ae 00C0      		rjmp .L46
 581               	.LVL25:
 582               	.L54:
 583               	.LSM40:
 584 03b0 2F96      		adiw r28,15
 585 03b2 86E0      		ldi r24,lo8(6)
 586               	.LVL26:
 587               	.L35:
 588 03b4 0990      		ld r0,Y+
 589 03b6 0192      		st Z+,r0
 590 03b8 8150      		subi r24,lo8(-(-1))
 591 03ba 01F4      		brne .L35
 592               	.LSM41:
 593 03bc C6E0      		ldi r28,lo8(6)
 594 03be D0E0      		ldi r29,hi8(6)
 595 03c0 00C0      		rjmp .L33
 596               	.LVL27:
 597               	.L26:
 598               	.LSM42:
 599 03c2 81E0      		ldi r24,lo8(1)
 600 03c4 90E0      		ldi r25,hi8(1)
 601 03c6 A0E0      		ldi r26,hlo8(1)
 602 03c8 B0E0      		ldi r27,hhi8(1)
 603 03ca 00C0      		rjmp .L46
 604               	.LVL28:
 605               	.L20:
 606               	.LSM43:
 607 03cc FE01      		movw r30,r28
 608               	.LVL29:
 609 03ce E956      		subi r30,lo8(-(151))
 610 03d0 FF4F      		sbci r31,hi8(-(151))
 611 03d2 8081      		ld r24,Z
 612 03d4 9181      		ldd r25,Z+1
 613 03d6 A281      		ldd r26,Z+2
 614 03d8 B381      		ldd r27,Z+3
 615 03da 00C0      		rjmp .L46
 616               	.LVL30:
 617               	.L24:
 618               	.LSM44:
 619 03dc 1DA6      		std Y+45,__zero_reg__
 620 03de 1EA6      		std Y+46,__zero_reg__
 621 03e0 1FA6      		std Y+47,__zero_reg__
 622 03e2 18AA      		std Y+48,__zero_reg__
 623 03e4 00C0      		rjmp .L45
 624               	.LVL31:
 625               	.L53:
 626               	.LSM45:
 627 03e6 8CE5      		ldi r24,lo8(1628)
 628 03e8 96E0      		ldi r25,hi8(1628)
 629 03ea A0E0      		ldi r26,hlo8(1628)
 630 03ec B0E0      		ldi r27,hhi8(1628)
 631               	.L46:
 632 03ee 8DA7      		std Y+45,r24
 633 03f0 9EA7      		std Y+46,r25
 634 03f2 AFA7      		std Y+47,r26
 635 03f4 B8AB      		std Y+48,r27
 636               	.L45:
 637               	.LSM46:
 638 03f6 C4E0      		ldi r28,lo8(4)
 639 03f8 D0E0      		ldi r29,hi8(4)
 640 03fa 00C0      		rjmp .L33
 641               	.LVL32:
 642               	.L12:
 643               	.LBE75:
 644               	.LBE74:
 645               	.LSM47:
 646 03fc 8BEB      		ldi r24,lo8(-1073741637)
 647 03fe 90E0      		ldi r25,hi8(-1073741637)
 648 0400 A0E0      		ldi r26,hlo8(-1073741637)
 649 0402 B0EC      		ldi r27,hhi8(-1073741637)
 650 0404 F801      		movw r30,r16
 651 0406 8487      		std Z+12,r24
 652 0408 9587      		std Z+13,r25
 653 040a A687      		std Z+14,r26
 654 040c B787      		std Z+15,r27
 655               	.LSM48:
 656 040e D801      		movw r26,r16
 657 0410 5096      		adiw r26,16
 658 0412 1D92      		st X+,__zero_reg__
 659 0414 1D92      		st X+,__zero_reg__
 660 0416 1D92      		st X+,__zero_reg__
 661 0418 1C92      		st X,__zero_reg__
 662 041a 5397      		sbiw r26,16+3
 663               	.LSM49:
 664 041c 148A      		std Z+20,__zero_reg__
 665 041e 158A      		std Z+21,__zero_reg__
 666 0420 168A      		std Z+22,__zero_reg__
 667 0422 178A      		std Z+23,__zero_reg__
 668 0424 00C0      		rjmp .L1
 669               	.LVL33:
 670               	.L8:
 671               	.LSM50:
 672 0426 FE01      		movw r30,r28
 673 0428 EB56      		subi r30,lo8(-(149))
 674 042a FF4F      		sbci r31,hi8(-(149))
 675 042c 81E0      		ldi r24,lo8(1)
 676 042e 8083      		st Z,r24
 677               	.LVL34:
 678               	.LSM51:
 679 0430 F801      		movw r30,r16
 680 0432 8485      		ldd r24,Z+12
 681 0434 9585      		ldd r25,Z+13
 682 0436 A685      		ldd r26,Z+14
 683 0438 B785      		ldd r27,Z+15
 684               	.LVL35:
 685               	.LSM52:
 686 043a 25E0      		ldi r18,lo8(-2147483643)
 687 043c 30E0      		ldi r19,hi8(-2147483643)
 688 043e 40E0      		ldi r20,hlo8(-2147483643)
 689 0440 50E8      		ldi r21,hhi8(-2147483643)
 690 0442 2D8B      		std Y+21,r18
 691 0444 3E8B      		std Y+22,r19
 692 0446 4F8B      		std Y+23,r20
 693 0448 588F      		std Y+24,r21
 694               	.LSM53:
 695 044a 20E1      		ldi r18,lo8(16)
 696 044c 30E0      		ldi r19,hi8(16)
 697 044e 40E0      		ldi r20,hlo8(16)
 698 0450 50E0      		ldi r21,hhi8(16)
 699 0452 2483      		std Z+4,r18
 700 0454 3583      		std Z+5,r19
 701 0456 4683      		std Z+6,r20
 702 0458 5783      		std Z+7,r21
 703               	.LSM54:
 704 045a 2489      		ldd r18,Z+20
 705 045c 3589      		ldd r19,Z+21
 706 045e 4689      		ldd r20,Z+22
 707 0460 5789      		ldd r21,Z+23
 708               	.LVL36:
 709               	.LBB71:
 710               	.LBB72:
 711               	.LSM55:
 712 0462 8E30      		cpi r24,lo8(65806)
 713 0464 F1E0      		ldi r31,hi8(65806)
 714 0466 9F07      		cpc r25,r31
 715 0468 F1E0      		ldi r31,hlo8(65806)
 716 046a AF07      		cpc r26,r31
 717 046c F0E0      		ldi r31,hhi8(65806)
 718 046e BF07      		cpc r27,r31
 719 0470 01F0      		breq .L37
 720               	.LVL37:
 721 0472 8330      		cpi r24,lo8(16843011)
 722 0474 21E0      		ldi r18,hi8(16843011)
 723 0476 9207      		cpc r25,r18
 724 0478 21E0      		ldi r18,hlo8(16843011)
 725 047a A207      		cpc r26,r18
 726 047c 21E0      		ldi r18,hhi8(16843011)
 727 047e B207      		cpc r27,r18
 728               	.LVL38:
 729 0480 01F4      		brne .L44
 730 0482 00C0      		rjmp .L38
 731               	.LVL39:
 732               	.L37:
 733               	.LSM56:
 734 0484 BE01      		movw r22,r28
 735 0486 6956      		subi r22,lo8(-(151))
 736 0488 7F4F      		sbci r23,hi8(-(151))
 737 048a 200F      		add r18,r16
 738 048c 311F      		adc r19,r17
 739               	.LVL40:
 740 048e F901      		movw r30,r18
 741 0490 8085      		ldd r24,Z+8
 742 0492 9185      		ldd r25,Z+9
 743 0494 A285      		ldd r26,Z+10
 744 0496 B385      		ldd r27,Z+11
 745 0498 FB01      		movw r30,r22
 746 049a 8083      		st Z,r24
 747 049c 9183      		std Z+1,r25
 748 049e A283      		std Z+2,r26
 749 04a0 B383      		std Z+3,r27
 750               	.LSM57:
 751 04a2 CA56      		subi r28,lo8(-(150))
 752 04a4 DF4F      		sbci r29,hi8(-(150))
 753 04a6 82E0      		ldi r24,lo8(2)
 754 04a8 8883      		st Y,r24
 755               	.L38:
 756               	.LBE72:
 757               	.LSM58:
 758 04aa 80E0      		ldi r24,lo8(0)
 759 04ac 90E0      		ldi r25,hi8(0)
 760 04ae DC01      		movw r26,r24
 761 04b0 00C0      		rjmp .L36
 762               	.L44:
 763               	.LBB73:
 764 04b2 8BEB      		ldi r24,lo8(-1073741637)
 765 04b4 90E0      		ldi r25,hi8(-1073741637)
 766 04b6 A0E0      		ldi r26,hlo8(-1073741637)
 767 04b8 B0EC      		ldi r27,hhi8(-1073741637)
 768               	.L36:
 769               	.LBE73:
 770               	.LBE71:
 771               	.LSM59:
 772 04ba F801      		movw r30,r16
 773 04bc 8487      		std Z+12,r24
 774 04be 9587      		std Z+13,r25
 775 04c0 A687      		std Z+14,r26
 776 04c2 B787      		std Z+15,r27
 777 04c4 00C0      		rjmp .L1
 778               	.LVL41:
 779               	.L9:
 780               	.LSM60:
 781 04c6 FE01      		movw r30,r28
 782 04c8 EB56      		subi r30,lo8(-(149))
 783 04ca FF4F      		sbci r31,hi8(-(149))
 784 04cc 81E0      		ldi r24,lo8(1)
 785 04ce 8083      		st Z,r24
 786               	.LVL42:
 787               	.LSM61:
 788 04d0 86E0      		ldi r24,lo8(-2147483642)
 789 04d2 90E0      		ldi r25,hi8(-2147483642)
 790 04d4 A0E0      		ldi r26,hlo8(-2147483642)
 791 04d6 B0E8      		ldi r27,hhi8(-2147483642)
 792 04d8 8D8B      		std Y+21,r24
 793 04da 9E8B      		std Y+22,r25
 794 04dc AF8B      		std Y+23,r26
 795 04de B88F      		std Y+24,r27
 796               	.LSM62:
 797 04e0 80E1      		ldi r24,lo8(16)
 798 04e2 90E0      		ldi r25,hi8(16)
 799 04e4 A0E0      		ldi r26,hlo8(16)
 800 04e6 B0E0      		ldi r27,hhi8(16)
 801 04e8 F801      		movw r30,r16
 802 04ea 8483      		std Z+4,r24
 803 04ec 9583      		std Z+5,r25
 804 04ee A683      		std Z+6,r26
 805 04f0 B783      		std Z+7,r27
 806               	.LSM63:
 807 04f2 D801      		movw r26,r16
 808 04f4 1896      		adiw r26,8
 809 04f6 1D92      		st X+,__zero_reg__
 810 04f8 1D92      		st X+,__zero_reg__
 811 04fa 1D92      		st X+,__zero_reg__
 812 04fc 1C92      		st X,__zero_reg__
 813 04fe 1B97      		sbiw r26,8+3
 814               	.LSM64:
 815 0500 1486      		std Z+12,__zero_reg__
 816 0502 1586      		std Z+13,__zero_reg__
 817 0504 1686      		std Z+14,__zero_reg__
 818 0506 1786      		std Z+15,__zero_reg__
 819 0508 00C0      		rjmp .L1
 820               	.LVL43:
 821               	.L49:
 822               	.LSM65:
 823 050a FE01      		movw r30,r28
 824 050c EB56      		subi r30,lo8(-(149))
 825 050e FF4F      		sbci r31,hi8(-(149))
 826 0510 81E0      		ldi r24,lo8(1)
 827 0512 8083      		st Z,r24
 828               	.LVL44:
 829               	.LSM66:
 830 0514 88E0      		ldi r24,lo8(-2147483640)
 831 0516 90E0      		ldi r25,hi8(-2147483640)
 832 0518 A0E0      		ldi r26,hlo8(-2147483640)
 833 051a B0E8      		ldi r27,hhi8(-2147483640)
 834 051c 8D8B      		std Y+21,r24
 835 051e 9E8B      		std Y+22,r25
 836 0520 AF8B      		std Y+23,r26
 837 0522 B88F      		std Y+24,r27
 838               	.LSM67:
 839 0524 80E1      		ldi r24,lo8(16)
 840 0526 90E0      		ldi r25,hi8(16)
 841 0528 A0E0      		ldi r26,hlo8(16)
 842 052a B0E0      		ldi r27,hhi8(16)
 843 052c F801      		movw r30,r16
 844 052e 8483      		std Z+4,r24
 845 0530 9583      		std Z+5,r25
 846 0532 A683      		std Z+6,r26
 847 0534 B783      		std Z+7,r27
 848               	.LSM68:
 849 0536 D801      		movw r26,r16
 850 0538 1C96      		adiw r26,12
 851 053a 1D92      		st X+,__zero_reg__
 852 053c 1D92      		st X+,__zero_reg__
 853 053e 1D92      		st X+,__zero_reg__
 854 0540 1C92      		st X,__zero_reg__
 855 0542 1F97      		sbiw r26,12+3
 856 0544 00C0      		rjmp .L1
 857               	.LVL45:
 858               	.L47:
 859               	.LBE70:
 860               	.LBE69:
 861               	.LBE68:
 862               	.LSM69:
 863 0546 8091 0000 		lds r24,USB_ControlRequest
 864 054a 813A      		cpi r24,lo8(-95)
 865 054c 01F0      		breq .+2
 866 054e 00C0      		rjmp .L1
 867               	.LBB78:
 868               	.LSM70:
 869 0550 8E01      		movw r16,r28
 870 0552 0B5E      		subi r16,lo8(-(21))
 871 0554 1F4F      		sbci r17,hi8(-(21))
 872               	.LVL46:
 873               	.LSM71:
 874 0556 F801      		movw r30,r16
 875 0558 8481      		ldd r24,Z+4
 876 055a 9581      		ldd r25,Z+5
 877 055c A681      		ldd r26,Z+6
 878 055e B781      		ldd r27,Z+7
 879 0560 0097      		sbiw r24,0
 880 0562 A105      		cpc r26,__zero_reg__
 881 0564 B105      		cpc r27,__zero_reg__
 882 0566 01F4      		brne .L39
 883               	.LSM72:
 884 0568 1D8A      		std Y+21,__zero_reg__
 885               	.LSM73:
 886 056a 81E0      		ldi r24,lo8(1)
 887 056c 90E0      		ldi r25,hi8(1)
 888 056e A0E0      		ldi r26,hlo8(1)
 889 0570 B0E0      		ldi r27,hhi8(1)
 890 0572 8483      		std Z+4,r24
 891 0574 9583      		std Z+5,r25
 892 0576 A683      		std Z+6,r26
 893 0578 B783      		std Z+7,r27
 894               	.L39:
 895               	.LBB79:
 896               	.LBB80:
 897               	.LSM74:
 898 057a 8091 E800 		lds r24,232
 899 057e 877F      		andi r24,lo8(-9)
 900 0580 8093 E800 		sts 232,r24
 901               	.LBE80:
 902               	.LBE79:
 903               	.LSM75:
 904 0584 D801      		movw r26,r16
 905 0586 1496      		adiw r26,4
 906 0588 6D91      		ld r22,X+
 907 058a 7C91      		ld r23,X
 908 058c 1597      		sbiw r26,4+1
 909 058e C801      		movw r24,r16
 910 0590 0E94 0000 		call Endpoint_Write_Control_Stream_LE
 911               	.LBB81:
 912               	.LBB82:
 913               	.LSM76:
 914 0594 8091 E800 		lds r24,232
 915 0598 8B77      		andi r24,lo8(123)
 916 059a 8093 E800 		sts 232,r24
 917               	.LBE82:
 918               	.LBE81:
 919               	.LSM77:
 920 059e F801      		movw r30,r16
 921 05a0 1482      		std Z+4,__zero_reg__
 922 05a2 1582      		std Z+5,__zero_reg__
 923 05a4 1682      		std Z+6,__zero_reg__
 924 05a6 1782      		std Z+7,__zero_reg__
 925 05a8 00C0      		rjmp .L1
 926               	.LVL47:
 927               	.L33:
 928               	.LBE78:
 929               	.LBB83:
 930               	.LBB77:
 931               	.LBB76:
 932               	.LSM78:
 933 05aa D801      		movw r26,r16
 934 05ac 1C96      		adiw r26,12
 935 05ae 1D92      		st X+,__zero_reg__
 936 05b0 1D92      		st X+,__zero_reg__
 937 05b2 1D92      		st X+,__zero_reg__
 938 05b4 1C92      		st X,__zero_reg__
 939 05b6 1F97      		sbiw r26,12+3
 940               	.LSM79:
 941 05b8 9E01      		movw r18,r28
 942 05ba 40E0      		ldi r20,lo8(0)
 943 05bc 50E0      		ldi r21,hi8(0)
 944 05be 1496      		adiw r26,4
 945 05c0 8D91      		ld r24,X+
 946 05c2 9D91      		ld r25,X+
 947 05c4 0D90      		ld __tmp_reg__,X+
 948 05c6 BC91      		ld r27,X
 949 05c8 A02D      		mov r26,__tmp_reg__
 950 05ca 820F      		add r24,r18
 951 05cc 931F      		adc r25,r19
 952 05ce A41F      		adc r26,r20
 953 05d0 B51F      		adc r27,r21
 954 05d2 F801      		movw r30,r16
 955 05d4 8483      		std Z+4,r24
 956 05d6 9583      		std Z+5,r25
 957 05d8 A683      		std Z+6,r26
 958 05da B783      		std Z+7,r27
 959               	.LSM80:
 960 05dc D801      		movw r26,r16
 961 05de 5096      		adiw r26,16
 962 05e0 2D93      		st X+,r18
 963 05e2 3D93      		st X+,r19
 964 05e4 4D93      		st X+,r20
 965 05e6 5C93      		st X,r21
 966 05e8 5397      		sbiw r26,16+3
 967               	.LSM81:
 968 05ea 80E1      		ldi r24,lo8(16)
 969 05ec 90E0      		ldi r25,hi8(16)
 970 05ee A0E0      		ldi r26,hlo8(16)
 971 05f0 B0E0      		ldi r27,hhi8(16)
 972 05f2 848B      		std Z+20,r24
 973 05f4 958B      		std Z+21,r25
 974 05f6 A68B      		std Z+22,r26
 975 05f8 B78B      		std Z+23,r27
 976               	.LVL48:
 977               	.L1:
 978               	/* epilogue start */
 979               	.LBE76:
 980               	.LBE77:
 981               	.LBE83:
 982               	.LSM82:
 983 05fa DF91      		pop r29
 984 05fc CF91      		pop r28
 985 05fe 1F91      		pop r17
 986 0600 0F91      		pop r16
 987 0602 FF90      		pop r15
 988 0604 EF90      		pop r14
 989 0606 DF90      		pop r13
 990 0608 CF90      		pop r12
 991 060a 0895      		ret
 992               	.LFE91:
 994               		.section	.text.RNDIS_Device_ConfigureEndpoints,"ax",@progbits
 995               	.global	RNDIS_Device_ConfigureEndpoints
 997               	RNDIS_Device_ConfigureEndpoints:
 998               	.LFB92:
 999               	.LSM83:
 1000               	.LVL49:
 1001 0000 1F93      		push r17
 1002 0002 CF93      		push r28
 1003 0004 DF93      		push r29
 1004               	/* prologue: function */
 1005               	/* frame size = 0 */
 1006               	/* stack size = 3 */
 1007               	.L__stack_usage = 3
 1008 0006 EC01      		movw r28,r24
 1009               	.LSM84:
 1010 0008 4596      		adiw r24,21
 1011               	.LVL50:
 1012 000a FC01      		movw r30,r24
 1013 000c 86E8      		ldi r24,lo8(-122)
 1014 000e DF01      		movw r26,r30
 1015 0010 1D92      		st X+,__zero_reg__
 1016 0012 8A95      	        dec r24
 1017 0014 01F4      		brne .-6
 1018               	.LVL51:
 1019               	.LSM85:
 1020 0016 11E0      		ldi r17,lo8(1)
 1021               	.LVL52:
 1022               	.L64:
 1023               	.LBB84:
 1024               	.LBB85:
 1025               	.LSM86:
 1026 0018 8981      		ldd r24,Y+1
 1027 001a 1817      		cp r17,r24
 1028 001c 01F4      		brne .L56
 1029               	.LSM87:
 1030 001e EA81      		ldd r30,Y+2
 1031 0020 FB81      		ldd r31,Y+3
 1032               	.LVL53:
 1033               	.LSM88:
 1034 0022 9C81      		ldd r25,Y+4
 1035               	.LVL54:
 1036               	.LSM89:
 1037 0024 81E0      		ldi r24,lo8(1)
 1038 0026 00C0      		rjmp .L68
 1039               	.LVL55:
 1040               	.L56:
 1041               	.LSM90:
 1042 0028 8D81      		ldd r24,Y+5
 1043 002a 1817      		cp r17,r24
 1044 002c 01F4      		brne .L58
 1045               	.LSM91:
 1046 002e EE81      		ldd r30,Y+6
 1047 0030 FF81      		ldd r31,Y+7
 1048               	.LVL56:
 1049               	.LSM92:
 1050 0032 9885      		ldd r25,Y+8
 1051               	.LVL57:
 1052               	.LSM93:
 1053 0034 80E0      		ldi r24,lo8(0)
 1054               	.LVL58:
 1055               	.L68:
 1056               	.LSM94:
 1057 0036 62E0      		ldi r22,lo8(2)
 1058 0038 00C0      		rjmp .L57
 1059               	.LVL59:
 1060               	.L58:
 1061               	.LSM95:
 1062 003a 8985      		ldd r24,Y+9
 1063 003c 1817      		cp r17,r24
 1064 003e 01F4      		brne .L59
 1065               	.LSM96:
 1066 0040 EA85      		ldd r30,Y+10
 1067 0042 FB85      		ldd r31,Y+11
 1068               	.LVL60:
 1069               	.LSM97:
 1070 0044 9C85      		ldd r25,Y+12
 1071               	.LVL61:
 1072               	.LSM98:
 1073 0046 81E0      		ldi r24,lo8(1)
 1074               	.LSM99:
 1075 0048 63E0      		ldi r22,lo8(3)
 1076               	.LVL62:
 1077               	.L57:
 1078               	.LSM100:
 1079 004a 9923      		tst r25
 1080 004c 01F0      		breq .L65
 1081 004e 44E0      		ldi r20,lo8(4)
 1082 0050 00C0      		rjmp .L60
 1083               	.L65:
 1084 0052 40E0      		ldi r20,lo8(0)
 1085               	.L60:
 1086               	.LVL63:
 1087               	.LBB86:
 1088               	.LBB87:
 1089               	.LSM101:
 1090 0054 6295      		swap r22
 1091               	.LVL64:
 1092 0056 660F      		lsl r22
 1093 0058 660F      		lsl r22
 1094 005a 607C      		andi r22,lo8(-64)
 1095 005c 682B      		or r22,r24
 1096               	.LVL65:
 1097               	.LSM102:
 1098 005e 28E0      		ldi r18,lo8(8)
 1099 0060 30E0      		ldi r19,hi8(8)
 1100               	.LSM103:
 1101 0062 80E0      		ldi r24,lo8(0)
 1102               	.LVL66:
 1103 0064 00C0      		rjmp .L61
 1104               	.LVL67:
 1105               	.L62:
 1106               	.LBB88:
 1107               	.LBB89:
 1108               	.LSM104:
 1109 0066 8F5F      		subi r24,lo8(-(1))
 1110               	.LVL68:
 1111               	.LSM105:
 1112 0068 220F      		lsl r18
 1113 006a 331F      		rol r19
 1114               	.LVL69:
 1115               	.L61:
 1116               	.LSM106:
 1117 006c 2E17      		cp r18,r30
 1118 006e 3F07      		cpc r19,r31
 1119 0070 00F0      		brlo .L62
 1120               	.LBE89:
 1121               	.LBE88:
 1122               	.LSM107:
 1123 0072 4260      		ori r20,lo8(2)
 1124               	.LVL70:
 1125               	.LBB91:
 1126               	.LBB90:
 1127               	.LSM108:
 1128 0074 8295      		swap r24
 1129               	.LVL71:
 1130 0076 807F      		andi r24,lo8(-16)
 1131               	.LBE90:
 1132               	.LBE91:
 1133               	.LSM109:
 1134 0078 482B      		or r20,r24
 1135 007a 812F      		mov r24,r17
 1136 007c 0E94 0000 		call Endpoint_ConfigureEndpoint_Prv
 1137               	.LVL72:
 1138               	.LBE87:
 1139               	.LBE86:
 1140               	.LSM110:
 1141 0080 8823      		tst r24
 1142 0082 01F0      		breq .L66
 1143               	.LVL73:
 1144               	.L59:
 1145               	.LBE85:
 1146               	.LSM111:
 1147 0084 1F5F      		subi r17,lo8(-(1))
 1148               	.LVL74:
 1149 0086 1530      		cpi r17,lo8(5)
 1150 0088 01F4      		brne .L64
 1151               	.LSM112:
 1152 008a 81E0      		ldi r24,lo8(1)
 1153 008c 00C0      		rjmp .L63
 1154               	.LVL75:
 1155               	.L66:
 1156               	.LBB92:
 1157               	.LSM113:
 1158 008e 80E0      		ldi r24,lo8(0)
 1159               	.LVL76:
 1160               	.L63:
 1161               	/* epilogue start */
 1162               	.LBE92:
 1163               	.LBE84:
 1164               	.LSM114:
 1165 0090 DF91      		pop r29
 1166 0092 CF91      		pop r28
 1167               	.LVL77:
 1168 0094 1F91      		pop r17
 1169 0096 0895      		ret
 1170               	.LFE92:
 1172               		.section	.text.RNDIS_Device_USBTask,"ax",@progbits
 1173               	.global	RNDIS_Device_USBTask
 1175               	RNDIS_Device_USBTask:
 1176               	.LFB93:
 1177               	.LSM115:
 1178               	.LVL78:
 1179 0000 0F93      		push r16
 1180 0002 1F93      		push r17
 1181 0004 DF93      		push r29
 1182 0006 CF93      		push r28
 1183 0008 CDB7      		in r28,__SP_L__
 1184 000a DEB7      		in r29,__SP_H__
 1185 000c 2897      		sbiw r28,8
 1186 000e 0FB6      		in __tmp_reg__,__SREG__
 1187 0010 F894      		cli
 1188 0012 DEBF      		out __SP_H__,r29
 1189 0014 0FBE      		out __SREG__,__tmp_reg__
 1190 0016 CDBF      		out __SP_L__,r28
 1191               	/* prologue: function */
 1192               	/* frame size = 8 */
 1193               	/* stack size = 12 */
 1194               	.L__stack_usage = 12
 1195 0018 8C01      		movw r16,r24
 1196               	.LSM116:
 1197 001a 8091 0000 		lds r24,USB_DeviceState
 1198               	.LVL79:
 1199 001e 8430      		cpi r24,lo8(4)
 1200 0020 01F4      		brne .L69
 1201               	.LSM117:
 1202 0022 F801      		movw r30,r16
 1203 0024 8185      		ldd r24,Z+9
 1204               	.LVL80:
 1205               	.LBB93:
 1206               	.LBB94:
 1207               	.LSM118:
 1208 0026 8093 E900 		sts 233,r24
 1209               	.LBE94:
 1210               	.LBE93:
 1211               	.LBB95:
 1212               	.LBB96:
 1213               	.LSM119:
 1214 002a 8091 E800 		lds r24,232
 1215               	.LBE96:
 1216               	.LBE95:
 1217               	.LSM120:
 1218 002e 80FF      		sbrs r24,0
 1219 0030 00C0      		rjmp .L69
 1220               	.LSM121:
 1221 0032 EB56      		subi r30,lo8(-(149))
 1222 0034 FF4F      		sbci r31,hi8(-(149))
 1223 0036 8081      		ld r24,Z
 1224 0038 8823      		tst r24
 1225 003a 01F0      		breq .L69
 1226               	.LBB97:
 1227               	.LSM122:
 1228 003c DE01      		movw r26,r28
 1229 003e 1196      		adiw r26,1
 1230 0040 E0E0      		ldi r30,lo8(C.4.4688)
 1231 0042 F0E0      		ldi r31,hi8(C.4.4688)
 1232 0044 88E0      		ldi r24,lo8(8)
 1233               	.L71:
 1234 0046 0190      		ld r0,Z+
 1235 0048 0D92      		st X+,r0
 1236 004a 8150      		subi r24,lo8(-(-1))
 1237 004c 01F4      		brne .L71
 1238               	.LSM123:
 1239 004e CE01      		movw r24,r28
 1240 0050 0196      		adiw r24,1
 1241 0052 68E0      		ldi r22,lo8(8)
 1242 0054 70E0      		ldi r23,hi8(8)
 1243 0056 40E0      		ldi r20,lo8(0)
 1244 0058 50E0      		ldi r21,hi8(0)
 1245 005a 0E94 0000 		call Endpoint_Write_Stream_LE
 1246               	.LVL81:
 1247               	.LBB98:
 1248               	.LBB99:
 1249               	.LSM124:
 1250 005e 8091 E800 		lds r24,232
 1251 0062 8E77      		andi r24,lo8(126)
 1252 0064 8093 E800 		sts 232,r24
 1253               	.LBE99:
 1254               	.LBE98:
 1255               	.LSM125:
 1256 0068 F801      		movw r30,r16
 1257 006a EB56      		subi r30,lo8(-(149))
 1258 006c FF4F      		sbci r31,hi8(-(149))
 1259 006e 1082      		st Z,__zero_reg__
 1260               	.L69:
 1261               	/* epilogue start */
 1262               	.LBE97:
 1263               	.LSM126:
 1264 0070 2896      		adiw r28,8
 1265 0072 0FB6      		in __tmp_reg__,__SREG__
 1266 0074 F894      		cli
 1267 0076 DEBF      		out __SP_H__,r29
 1268 0078 0FBE      		out __SREG__,__tmp_reg__
 1269 007a CDBF      		out __SP_L__,r28
 1270 007c CF91      		pop r28
 1271 007e DF91      		pop r29
 1272 0080 1F91      		pop r17
 1273 0082 0F91      		pop r16
 1274               	.LVL82:
 1275 0084 0895      		ret
 1276               	.LFE93:
 1278               		.section	.text.RNDIS_Device_IsPacketReceived,"ax",@progbits
 1279               	.global	RNDIS_Device_IsPacketReceived
 1281               	RNDIS_Device_IsPacketReceived:
 1282               	.LFB97:
 1283               	.LSM127:
 1284               	.LVL83:
 1285               	/* prologue: function */
 1286               	/* frame size = 0 */
 1287               	/* stack size = 0 */
 1288               	.L__stack_usage = 0
 1289               	.LSM128:
 1290 0000 2091 0000 		lds r18,USB_DeviceState
 1291 0004 2430      		cpi r18,lo8(4)
 1292 0006 01F4      		brne .L76
 1293               	.LSM129:
 1294 0008 FC01      		movw r30,r24
 1295 000a EA56      		subi r30,lo8(-(150))
 1296 000c FF4F      		sbci r31,hi8(-(150))
 1297               	.LSM130:
 1298 000e 2081      		ld r18,Z
 1299 0010 2230      		cpi r18,lo8(2)
 1300 0012 01F4      		brne .L77
 1301               	.LSM131:
 1302 0014 FC01      		movw r30,r24
 1303 0016 8581      		ldd r24,Z+5
 1304               	.LVL84:
 1305               	.LBB100:
 1306               	.LBB101:
 1307               	.LSM132:
 1308 0018 8093 E900 		sts 233,r24
 1309               	.LBE101:
 1310               	.LBE100:
 1311               	.LBB102:
 1312               	.LBB103:
 1313               	.LSM133:
 1314 001c 9091 E800 		lds r25,232
 1315 0020 81E0      		ldi r24,lo8(1)
 1316 0022 92FD      		sbrc r25,2
 1317 0024 00C0      		rjmp .L74
 1318               	.LVL85:
 1319               	.L76:
 1320               	.LBE103:
 1321               	.LBE102:
 1322               	.LSM134:
 1323 0026 80E0      		ldi r24,lo8(0)
 1324 0028 0895      		ret
 1325               	.LVL86:
 1326               	.L77:
 1327 002a 80E0      		ldi r24,lo8(0)
 1328               	.LVL87:
 1329               	.L74:
 1330               	.LSM135:
 1331 002c 0895      		ret
 1332               	.LFE97:
 1334               		.section	.text.RNDIS_Device_ReadPacket,"ax",@progbits
 1335               	.global	RNDIS_Device_ReadPacket
 1337               	RNDIS_Device_ReadPacket:
 1338               	.LFB98:
 1339               	.LSM136:
 1340               	.LVL88:
 1341 0000 EF92      		push r14
 1342 0002 FF92      		push r15
 1343 0004 0F93      		push r16
 1344 0006 1F93      		push r17
 1345 0008 DF93      		push r29
 1346 000a CF93      		push r28
 1347 000c CDB7      		in r28,__SP_L__
 1348 000e DEB7      		in r29,__SP_H__
 1349 0010 AC97      		sbiw r28,44
 1350 0012 0FB6      		in __tmp_reg__,__SREG__
 1351 0014 F894      		cli
 1352 0016 DEBF      		out __SP_H__,r29
 1353 0018 0FBE      		out __SREG__,__tmp_reg__
 1354 001a CDBF      		out __SP_L__,r28
 1355               	/* prologue: function */
 1356               	/* frame size = 44 */
 1357               	/* stack size = 50 */
 1358               	.L__stack_usage = 50
 1359 001c 7B01      		movw r14,r22
 1360 001e 8A01      		movw r16,r20
 1361               	.LSM137:
 1362 0020 2091 0000 		lds r18,USB_DeviceState
 1363 0024 2430      		cpi r18,lo8(4)
 1364 0026 01F4      		brne .L82
 1365               	.LVL89:
 1366               	.LSM138:
 1367 0028 FC01      		movw r30,r24
 1368 002a EA56      		subi r30,lo8(-(150))
 1369 002c FF4F      		sbci r31,hi8(-(150))
 1370               	.LSM139:
 1371 002e 2081      		ld r18,Z
 1372 0030 2230      		cpi r18,lo8(2)
 1373 0032 01F4      		brne .L82
 1374               	.LSM140:
 1375 0034 FC01      		movw r30,r24
 1376 0036 8581      		ldd r24,Z+5
 1377               	.LVL90:
 1378               	.LBB104:
 1379               	.LBB105:
 1380               	.LSM141:
 1381 0038 8093 E900 		sts 233,r24
 1382               	.LBE105:
 1383               	.LBE104:
 1384               	.LSM142:
 1385 003c FA01      		movw r30,r20
 1386               	.LVL91:
 1387 003e 1182      		std Z+1,__zero_reg__
 1388 0040 1082      		st Z,__zero_reg__
 1389               	.LBB106:
 1390               	.LBB107:
 1391               	.LSM143:
 1392 0042 8091 E800 		lds r24,232
 1393               	.LVL92:
 1394               	.LBE107:
 1395               	.LBE106:
 1396               	.LSM144:
 1397 0046 82FF      		sbrs r24,2
 1398 0048 00C0      		rjmp .L83
 1399               	.LSM145:
 1400 004a CE01      		movw r24,r28
 1401 004c 0196      		adiw r24,1
 1402 004e 6CE2      		ldi r22,lo8(44)
 1403 0050 70E0      		ldi r23,hi8(44)
 1404 0052 40E0      		ldi r20,lo8(0)
 1405 0054 50E0      		ldi r21,hi8(0)
 1406 0056 0E94 0000 		call Endpoint_Read_Stream_LE
 1407               	.LVL93:
 1408               	.LSM146:
 1409 005a 2D85      		ldd r18,Y+13
 1410 005c 3E85      		ldd r19,Y+14
 1411 005e 4F85      		ldd r20,Y+15
 1412 0060 5889      		ldd r21,Y+16
 1413 0062 2D3D      		cpi r18,lo8(1501)
 1414 0064 F5E0      		ldi r31,hi8(1501)
 1415 0066 3F07      		cpc r19,r31
 1416 0068 F0E0      		ldi r31,hlo8(1501)
 1417 006a 4F07      		cpc r20,r31
 1418 006c F0E0      		ldi r31,hhi8(1501)
 1419 006e 5F07      		cpc r21,r31
 1420 0070 00F0      		brlo .L80
 1421               	.LBB108:
 1422               	.LBB109:
 1423               	.LSM147:
 1424 0072 8091 EB00 		lds r24,235
 1425 0076 8062      		ori r24,lo8(32)
 1426 0078 8093 EB00 		sts 235,r24
 1427               	.LBE109:
 1428               	.LBE108:
 1429               	.LSM148:
 1430 007c 80E8      		ldi r24,lo8(-128)
 1431 007e 00C0      		rjmp .L79
 1432               	.L80:
 1433               	.LSM149:
 1434 0080 F801      		movw r30,r16
 1435 0082 3183      		std Z+1,r19
 1436 0084 2083      		st Z,r18
 1437               	.LSM150:
 1438 0086 C701      		movw r24,r14
 1439 0088 B901      		movw r22,r18
 1440 008a 40E0      		ldi r20,lo8(0)
 1441 008c 50E0      		ldi r21,hi8(0)
 1442 008e 0E94 0000 		call Endpoint_Read_Stream_LE
 1443               	.LBB110:
 1444               	.LBB111:
 1445               	.LSM151:
 1446 0092 8091 E800 		lds r24,232
 1447 0096 8B77      		andi r24,lo8(123)
 1448 0098 8093 E800 		sts 232,r24
 1449 009c 00C0      		rjmp .L83
 1450               	.LVL94:
 1451               	.L82:
 1452               	.LBE111:
 1453               	.LBE110:
 1454               	.LSM152:
 1455 009e 82E0      		ldi r24,lo8(2)
 1456               	.LVL95:
 1457 00a0 00C0      		rjmp .L79
 1458               	.L83:
 1459               	.LSM153:
 1460 00a2 80E0      		ldi r24,lo8(0)
 1461               	.L79:
 1462               	/* epilogue start */
 1463               	.LSM154:
 1464 00a4 AC96      		adiw r28,44
 1465 00a6 0FB6      		in __tmp_reg__,__SREG__
 1466 00a8 F894      		cli
 1467 00aa DEBF      		out __SP_H__,r29
 1468 00ac 0FBE      		out __SREG__,__tmp_reg__
 1469 00ae CDBF      		out __SP_L__,r28
 1470 00b0 CF91      		pop r28
 1471 00b2 DF91      		pop r29
 1472 00b4 1F91      		pop r17
 1473 00b6 0F91      		pop r16
 1474               	.LVL96:
 1475 00b8 FF90      		pop r15
 1476 00ba EF90      		pop r14
 1477               	.LVL97:
 1478 00bc 0895      		ret
 1479               	.LFE98:
 1481               		.section	.text.RNDIS_Device_SendPacket,"ax",@progbits
 1482               	.global	RNDIS_Device_SendPacket
 1484               	RNDIS_Device_SendPacket:
 1485               	.LFB99:
 1486               	.LSM155:
 1487               	.LVL98:
 1488 0000 EF92      		push r14
 1489 0002 FF92      		push r15
 1490 0004 0F93      		push r16
 1491 0006 1F93      		push r17
 1492 0008 DF93      		push r29
 1493 000a CF93      		push r28
 1494 000c CDB7      		in r28,__SP_L__
 1495 000e DEB7      		in r29,__SP_H__
 1496 0010 AD97      		sbiw r28,45
 1497 0012 0FB6      		in __tmp_reg__,__SREG__
 1498 0014 F894      		cli
 1499 0016 DEBF      		out __SP_H__,r29
 1500 0018 0FBE      		out __SREG__,__tmp_reg__
 1501 001a CDBF      		out __SP_L__,r28
 1502               	/* prologue: function */
 1503               	/* frame size = 45 */
 1504               	/* stack size = 51 */
 1505               	.L__stack_usage = 51
 1506 001c 7B01      		movw r14,r22
 1507 001e 8A01      		movw r16,r20
 1508               	.LSM156:
 1509 0020 2091 0000 		lds r18,USB_DeviceState
 1510 0024 2430      		cpi r18,lo8(4)
 1511 0026 01F0      		breq .+2
 1512 0028 00C0      		rjmp .L87
 1513               	.LVL99:
 1514               	.LSM157:
 1515 002a FC01      		movw r30,r24
 1516 002c EA56      		subi r30,lo8(-(150))
 1517 002e FF4F      		sbci r31,hi8(-(150))
 1518               	.LSM158:
 1519 0030 2081      		ld r18,Z
 1520 0032 2230      		cpi r18,lo8(2)
 1521 0034 01F0      		breq .+2
 1522 0036 00C0      		rjmp .L87
 1523               	.LSM159:
 1524 0038 FC01      		movw r30,r24
 1525 003a 8181      		ldd r24,Z+1
 1526               	.LVL100:
 1527               	.LBB112:
 1528               	.LBB113:
 1529               	.LSM160:
 1530 003c 8093 E900 		sts 233,r24
 1531               	.LBE113:
 1532               	.LBE112:
 1533               	.LSM161:
 1534 0040 0E94 0000 		call Endpoint_WaitUntilReady
 1535               	.LVL101:
 1536 0044 282F      		mov r18,r24
 1537               	.LVL102:
 1538 0046 8823      		tst r24
 1539 0048 01F4      		brne .L85
 1540               	.LSM162:
 1541 004a CE01      		movw r24,r28
 1542               	.LVL103:
 1543 004c 0196      		adiw r24,1
 1544 004e 3CE2      		ldi r19,lo8(44)
 1545 0050 FC01      		movw r30,r24
 1546 0052 1192      		st Z+,__zero_reg__
 1547 0054 3A95      	        dec r19
 1548 0056 01F4      		brne .-6
 1549               	.LSM163:
 1550 0058 41E0      		ldi r20,lo8(1)
 1551 005a 50E0      		ldi r21,hi8(1)
 1552 005c 60E0      		ldi r22,hlo8(1)
 1553 005e 70E0      		ldi r23,hhi8(1)
 1554 0060 4983      		std Y+1,r20
 1555 0062 5A83      		std Y+2,r21
 1556 0064 6B83      		std Y+3,r22
 1557 0066 7C83      		std Y+4,r23
 1558               	.LSM164:
 1559 0068 A801      		movw r20,r16
 1560 006a 445D      		subi r20,lo8(-(44))
 1561 006c 5F4F      		sbci r21,hi8(-(44))
 1562 006e 60E0      		ldi r22,lo8(0)
 1563 0070 70E0      		ldi r23,hi8(0)
 1564 0072 4D83      		std Y+5,r20
 1565 0074 5E83      		std Y+6,r21
 1566 0076 6F83      		std Y+7,r22
 1567 0078 7887      		std Y+8,r23
 1568               	.LSM165:
 1569 007a 44E2      		ldi r20,lo8(36)
 1570 007c 50E0      		ldi r21,hi8(36)
 1571 007e 60E0      		ldi r22,hlo8(36)
 1572 0080 70E0      		ldi r23,hhi8(36)
 1573 0082 4987      		std Y+9,r20
 1574 0084 5A87      		std Y+10,r21
 1575 0086 6B87      		std Y+11,r22
 1576 0088 7C87      		std Y+12,r23
 1577               	.LSM166:
 1578 008a A801      		movw r20,r16
 1579 008c 60E0      		ldi r22,lo8(0)
 1580 008e 70E0      		ldi r23,hi8(0)
 1581 0090 4D87      		std Y+13,r20
 1582 0092 5E87      		std Y+14,r21
 1583 0094 6F87      		std Y+15,r22
 1584 0096 788B      		std Y+16,r23
 1585               	.LSM167:
 1586 0098 6CE2      		ldi r22,lo8(44)
 1587 009a 70E0      		ldi r23,hi8(44)
 1588 009c 40E0      		ldi r20,lo8(0)
 1589 009e 50E0      		ldi r21,hi8(0)
 1590 00a0 2DA7      		std Y+45,r18
 1591 00a2 0E94 0000 		call Endpoint_Write_Stream_LE
 1592               	.LVL104:
 1593               	.LSM168:
 1594 00a6 C701      		movw r24,r14
 1595 00a8 B801      		movw r22,r16
 1596 00aa 40E0      		ldi r20,lo8(0)
 1597 00ac 50E0      		ldi r21,hi8(0)
 1598 00ae 0E94 0000 		call Endpoint_Write_Stream_LE
 1599               	.LBB114:
 1600               	.LBB115:
 1601               	.LSM169:
 1602 00b2 8091 E800 		lds r24,232
 1603 00b6 8E77      		andi r24,lo8(126)
 1604 00b8 8093 E800 		sts 232,r24
 1605               	.LBE115:
 1606               	.LBE114:
 1607               	.LSM170:
 1608 00bc 2DA5      		ldd r18,Y+45
 1609 00be 00C0      		rjmp .L85
 1610               	.LVL105:
 1611               	.L87:
 1612               	.LSM171:
 1613 00c0 22E0      		ldi r18,lo8(2)
 1614               	.LVL106:
 1615               	.L85:
 1616               	.LSM172:
 1617 00c2 822F      		mov r24,r18
 1618               	/* epilogue start */
 1619 00c4 AD96      		adiw r28,45
 1620 00c6 0FB6      		in __tmp_reg__,__SREG__
 1621 00c8 F894      		cli
 1622 00ca DEBF      		out __SP_H__,r29
 1623 00cc 0FBE      		out __SREG__,__tmp_reg__
 1624 00ce CDBF      		out __SP_L__,r28
 1625 00d0 CF91      		pop r28
 1626 00d2 DF91      		pop r29
 1627 00d4 1F91      		pop r17
 1628 00d6 0F91      		pop r16
 1629               	.LVL107:
 1630 00d8 FF90      		pop r15
 1631 00da EF90      		pop r14
 1632               	.LVL108:
 1633 00dc 0895      		ret
 1634               	.LFE99:
 1636               		.data
 1639               	C.4.4688:
 1640 0000 A1        		.byte	-95
 1641 0001 01        		.byte	1
 1642 0002 0000      		.word	0
 1643 0004 0000      		.word	0
 1644 0006 0000      		.word	0
 1645               		.section	.progmem.data,"a",@progbits
 1648               	AdapterSupportedOIDList:
 1649 0000 01        		.byte	1
 1650 0001 01        		.byte	1
 1651 0002 01        		.byte	1
 1652 0003 00        		.byte	0
 1653 0004 02        		.byte	2
 1654 0005 02        		.byte	2
 1655 0006 01        		.byte	1
 1656 0007 00        		.byte	0
 1657 0008 02        		.byte	2
 1658 0009 01        		.byte	1
 1659 000a 01        		.byte	1
 1660 000b 00        		.byte	0
 1661 000c 03        		.byte	3
 1662 000d 01        		.byte	1
 1663 000e 01        		.byte	1
 1664 000f 00        		.byte	0
 1665 0010 04        		.byte	4
 1666 0011 01        		.byte	1
 1667 0012 01        		.byte	1
 1668 0013 00        		.byte	0
 1669 0014 06        		.byte	6
 1670 0015 01        		.byte	1
 1671 0016 01        		.byte	1
 1672 0017 00        		.byte	0
 1673 0018 11        		.byte	17
 1674 0019 01        		.byte	1
 1675 001a 01        		.byte	1
 1676 001b 00        		.byte	0
 1677 001c 07        		.byte	7
 1678 001d 01        		.byte	1
 1679 001e 01        		.byte	1
 1680 001f 00        		.byte	0
 1681 0020 0A        		.byte	10
 1682 0021 01        		.byte	1
 1683 0022 01        		.byte	1
 1684 0023 00        		.byte	0
 1685 0024 0B        		.byte	11
 1686 0025 01        		.byte	1
 1687 0026 01        		.byte	1
 1688 0027 00        		.byte	0
 1689 0028 0C        		.byte	12
 1690 0029 01        		.byte	1
 1691 002a 01        		.byte	1
 1692 002b 00        		.byte	0
 1693 002c 0D        		.byte	13
 1694 002d 01        		.byte	1
 1695 002e 01        		.byte	1
 1696 002f 00        		.byte	0
 1697 0030 0E        		.byte	14
 1698 0031 01        		.byte	1
 1699 0032 01        		.byte	1
 1700 0033 00        		.byte	0
 1701 0034 11        		.byte	17
 1702 0035 01        		.byte	1
 1703 0036 01        		.byte	1
 1704 0037 00        		.byte	0
 1705 0038 14        		.byte	20
 1706 0039 01        		.byte	1
 1707 003a 01        		.byte	1
 1708 003b 00        		.byte	0
 1709 003c 01        		.byte	1
 1710 003d 01        		.byte	1
 1711 003e 02        		.byte	2
 1712 003f 00        		.byte	0
 1713 0040 02        		.byte	2
 1714 0041 01        		.byte	1
 1715 0042 02        		.byte	2
 1716 0043 00        		.byte	0
 1717 0044 03        		.byte	3
 1718 0045 01        		.byte	1
 1719 0046 02        		.byte	2
 1720 0047 00        		.byte	0
 1721 0048 04        		.byte	4
 1722 0049 01        		.byte	1
 1723 004a 02        		.byte	2
 1724 004b 00        		.byte	0
 1725 004c 05        		.byte	5
 1726 004d 01        		.byte	1
 1727 004e 02        		.byte	2
 1728 004f 00        		.byte	0
 1729 0050 01        		.byte	1
 1730 0051 01        		.byte	1
 1731 0052 01        		.byte	1
 1732 0053 01        		.byte	1
 1733 0054 02        		.byte	2
 1734 0055 01        		.byte	1
 1735 0056 01        		.byte	1
 1736 0057 01        		.byte	1
 1737 0058 03        		.byte	3
 1738 0059 01        		.byte	1
 1739 005a 01        		.byte	1
 1740 005b 01        		.byte	1
 1741 005c 04        		.byte	4
 1742 005d 01        		.byte	1
 1743 005e 01        		.byte	1
 1744 005f 01        		.byte	1
 1745 0060 01        		.byte	1
 1746 0061 01        		.byte	1
 1747 0062 02        		.byte	2
 1748 0063 01        		.byte	1
 1749 0064 02        		.byte	2
 1750 0065 01        		.byte	1
 1751 0066 02        		.byte	2
 1752 0067 01        		.byte	1
 1753 0068 03        		.byte	3
 1754 0069 01        		.byte	1
 1755 006a 02        		.byte	2
 1756 006b 01        		.byte	1
 1821               	.Letext0:
DEFINED SYMBOLS
                            *ABS*:0000000000000000 RNDIS.c
     /tmp/ccGU9rFd.s:2      *ABS*:000000000000003f __SREG__
     /tmp/ccGU9rFd.s:3      *ABS*:000000000000003e __SP_H__
     /tmp/ccGU9rFd.s:4      *ABS*:000000000000003d __SP_L__
     /tmp/ccGU9rFd.s:5      *ABS*:0000000000000034 __CCP__
     /tmp/ccGU9rFd.s:6      *ABS*:0000000000000000 __tmp_reg__
     /tmp/ccGU9rFd.s:7      *ABS*:0000000000000001 __zero_reg__
     /tmp/ccGU9rFd.s:19     .text.RNDIS_Device_ProcessControlRequest:0000000000000000 RNDIS_Device_ProcessControlRequest
     /tmp/ccGU9rFd.s:1648   .progmem.data:0000000000000000 AdapterSupportedOIDList
     /tmp/ccGU9rFd.s:997    .text.RNDIS_Device_ConfigureEndpoints:0000000000000000 RNDIS_Device_ConfigureEndpoints
     /tmp/ccGU9rFd.s:1175   .text.RNDIS_Device_USBTask:0000000000000000 RNDIS_Device_USBTask
     /tmp/ccGU9rFd.s:1639   .data:0000000000000000 C.4.4688
     /tmp/ccGU9rFd.s:1281   .text.RNDIS_Device_IsPacketReceived:0000000000000000 RNDIS_Device_IsPacketReceived
     /tmp/ccGU9rFd.s:1337   .text.RNDIS_Device_ReadPacket:0000000000000000 RNDIS_Device_ReadPacket
     /tmp/ccGU9rFd.s:1484   .text.RNDIS_Device_SendPacket:0000000000000000 RNDIS_Device_SendPacket

UNDEFINED SYMBOLS
USB_ControlRequest
Endpoint_Read_Control_Stream_LE
memcpy_P
memcpy
Endpoint_Write_Control_Stream_LE
Endpoint_ConfigureEndpoint_Prv
USB_DeviceState
Endpoint_Write_Stream_LE
Endpoint_Read_Stream_LE
Endpoint_WaitUntilReady
__do_copy_data
