   1               		.file	"USBTask.c"
   2               	__SREG__ = 0x3f
   3               	__SP_H__ = 0x3e
   4               	__SP_L__ = 0x3d
   5               	__CCP__ = 0x34
   6               	__tmp_reg__ = 0
   7               	__zero_reg__ = 1
  15               	.Ltext0:
  16               		.section	.text.USB_USBTask,"ax",@progbits
  17               	.global	USB_USBTask
  19               	USB_USBTask:
  20               	.LFB78:
  21               	.LSM0:
  22 0000 1F93      		push r17
  23               	/* prologue: function */
  24               	/* frame size = 0 */
  25               	/* stack size = 1 */
  26               	.L__stack_usage = 1
  27               	.LBB22:
  28               	.LBB23:
  29               	.LSM1:
  30 0002 8091 0000 		lds r24,USB_DeviceState
  31 0006 8823      		tst r24
  32 0008 01F0      		breq .L1
  33               	.LBB24:
  34               	.LBB25:
  35               	.LBB26:
  36               	.LSM2:
  37 000a 1091 E900 		lds r17,233
  38 000e 1770      		andi r17,lo8(7)
  39               	.LVL0:
  40               	.LBE26:
  41               	.LBE25:
  42               	.LBB27:
  43               	.LBB28:
  44               	.LSM3:
  45 0010 1092 E900 		sts 233,__zero_reg__
  46               	.LBE28:
  47               	.LBE27:
  48               	.LBB29:
  49               	.LBB30:
  50               	.LSM4:
  51 0014 8091 E800 		lds r24,232
  52               	.LBE30:
  53               	.LBE29:
  54               	.LSM5:
  55 0018 83FF      		sbrs r24,3
  56 001a 00C0      		rjmp .L3
  57               	.LSM6:
  58 001c 0E94 0000 		call USB_Device_ProcessControlRequest
  59               	.L3:
  60               	.LVL1:
  61               	.LBB31:
  62               	.LBB32:
  63               	.LSM7:
  64 0020 1093 E900 		sts 233,r17
  65               	.LVL2:
  66               	.L1:
  67               	/* epilogue start */
  68               	.LBE32:
  69               	.LBE31:
  70               	.LBE24:
  71               	.LBE23:
  72               	.LBE22:
  73               	.LSM8:
  74 0024 1F91      		pop r17
  75 0026 0895      		ret
  76               	.LFE78:
  78               		.comm USB_IsInitialized,1,1
  79               		.comm USB_ControlRequest,8,1
  80               		.comm USB_DeviceState,1,1
 105               	.Letext0:
DEFINED SYMBOLS
                            *ABS*:0000000000000000 USBTask.c
     /tmp/ccHOZ4Xk.s:2      *ABS*:000000000000003f __SREG__
     /tmp/ccHOZ4Xk.s:3      *ABS*:000000000000003e __SP_H__
     /tmp/ccHOZ4Xk.s:4      *ABS*:000000000000003d __SP_L__
     /tmp/ccHOZ4Xk.s:5      *ABS*:0000000000000034 __CCP__
     /tmp/ccHOZ4Xk.s:6      *ABS*:0000000000000000 __tmp_reg__
     /tmp/ccHOZ4Xk.s:7      *ABS*:0000000000000001 __zero_reg__
     /tmp/ccHOZ4Xk.s:19     .text.USB_USBTask:0000000000000000 USB_USBTask
                            *COM*:0000000000000001 USB_DeviceState
                            *COM*:0000000000000001 USB_IsInitialized
                            *COM*:0000000000000008 USB_ControlRequest

UNDEFINED SYMBOLS
USB_Device_ProcessControlRequest
__do_clear_bss
