   1               		.file	"USBController_AVR8.c"
   2               	__SREG__ = 0x3f
   3               	__SP_H__ = 0x3e
   4               	__SP_L__ = 0x3d
   5               	__CCP__ = 0x34
   6               	__tmp_reg__ = 0
   7               	__zero_reg__ = 1
  15               	.Ltext0:
  16               		.section	.text.USB_Disable,"ax",@progbits
  17               	.global	USB_Disable
  19               	USB_Disable:
  20               	.LFB79:
  21               	.LSM0:
  22               	/* prologue: function */
  23               	/* frame size = 0 */
  24               	/* stack size = 0 */
  25               	.L__stack_usage = 0
  26               	.LSM1:
  27 0000 0E94 0000 		call USB_INT_DisableAllInterrupts
  28               	.LSM2:
  29 0004 0E94 0000 		call USB_INT_ClearAllInterrupts
  30               	.LBB34:
  31               	.LBB35:
  32               	.LSM3:
  33 0008 E0EE      		ldi r30,lo8(224)
  34 000a F0E0      		ldi r31,hi8(224)
  35 000c 8081      		ld r24,Z
  36 000e 8160      		ori r24,lo8(1)
  37 0010 8083      		st Z,r24
  38               	.LBE35:
  39               	.LBE34:
  40               	.LBB36:
  41               	.LBB37:
  42               	.LSM4:
  43 0012 E8ED      		ldi r30,lo8(216)
  44 0014 F0E0      		ldi r31,hi8(216)
  45 0016 8081      		ld r24,Z
  46 0018 8F77      		andi r24,lo8(127)
  47 001a 8083      		st Z,r24
  48               	.LBE37:
  49               	.LBE36:
  50               	.LBB38:
  51               	.LBB39:
  52               	.LSM5:
  53 001c 19BC      		out 73-32,__zero_reg__
  54               	.LBE39:
  55               	.LBE38:
  56               	.LBB40:
  57               	.LBB41:
  58               	.LSM6:
  59 001e E3E6      		ldi r30,lo8(99)
  60 0020 F0E0      		ldi r31,hi8(99)
  61 0022 8081      		ld r24,Z
  62 0024 8160      		ori r24,lo8(1)
  63 0026 8083      		st Z,r24
  64               	.LBE41:
  65               	.LBE40:
  66               	.LSM7:
  67 0028 1092 0000 		sts USB_IsInitialized,__zero_reg__
  68               	/* epilogue start */
  69               	.LSM8:
  70 002c 0895      		ret
  71               	.LFE79:
  73               		.section	.text.USB_ResetInterface,"ax",@progbits
  74               	.global	USB_ResetInterface
  76               	USB_ResetInterface:
  77               	.LFB80:
  78               	.LSM9:
  79               	/* prologue: function */
  80               	/* frame size = 0 */
  81               	/* stack size = 0 */
  82               	.L__stack_usage = 0
  83               	.LSM10:
  84 0000 0E94 0000 		call USB_INT_DisableAllInterrupts
  85               	.LSM11:
  86 0004 0E94 0000 		call USB_INT_ClearAllInterrupts
  87               	.LBB62:
  88               	.LBB63:
  89               	.LSM12:
  90 0008 8091 D800 		lds r24,216
  91               	.LVL0:
  92               	.LSM13:
  93 000c 982F      		mov r25,r24
  94 000e 9F77      		andi r25,lo8(127)
  95 0010 9093 D800 		sts 216,r25
  96               	.LSM14:
  97 0014 8068      		ori r24,lo8(-128)
  98               	.LVL1:
  99 0016 8093 D800 		sts 216,r24
 100               	.LBE63:
 101               	.LBE62:
 102               	.LBB64:
 103               	.LBB65:
 104               	.LSM15:
 105 001a 8091 D800 		lds r24,216
 106 001e 8F7D      		andi r24,lo8(-33)
 107 0020 8093 D800 		sts 216,r24
 108               	.LBE65:
 109               	.LBE64:
 110               	.LBB66:
 111               	.LBB67:
 112               	.LSM16:
 113 0024 84E0      		ldi r24,lo8(4)
 114 0026 89BD      		out 73-32,r24
 115               	.LSM17:
 116 0028 89B5      		in r24,73-32
 117 002a 8260      		ori r24,lo8(2)
 118 002c 89BD      		out 73-32,r24
 119               	.L3:
 120               	.LBE67:
 121               	.LBE66:
 122               	.LSM18:
 123 002e 09B4      		in __tmp_reg__,73-32
 124 0030 00FE      		sbrs __tmp_reg__,0
 125 0032 00C0      		rjmp .L3
 126               	.LBB68:
 127               	.LBB69:
 128               	.LSM19:
 129 0034 1092 0000 		sts USB_DeviceState,__zero_reg__
 130               	.LSM20:
 131 0038 1092 0000 		sts USB_ConfigurationNumber,__zero_reg__
 132               	.LSM21:
 133 003c 1092 0000 		sts USB_RemoteWakeupEnabled,__zero_reg__
 134               	.LSM22:
 135 0040 1092 0000 		sts USB_CurrentlySelfPowered,__zero_reg__
 136               	.LVL2:
 137               	.LBB70:
 138               	.LBB71:
 139               	.LSM23:
 140 0044 80E0      		ldi r24,lo8(0)
 141 0046 60E0      		ldi r22,lo8(0)
 142 0048 42E0      		ldi r20,lo8(2)
 143 004a 0E94 0000 		call Endpoint_ConfigureEndpoint_Prv
 144               	.LVL3:
 145               	.LBE71:
 146               	.LBE70:
 147               	.LBB72:
 148               	.LBB73:
 149               	.LSM24:
 150 004e 8091 E100 		lds r24,225
 151 0052 8E7F      		andi r24,lo8(-2)
 152 0054 8093 E100 		sts 225,r24
 153               	.LVL4:
 154               	.LBE73:
 155               	.LBE72:
 156               	.LBB74:
 157               	.LBB75:
 158               	.LSM25:
 159 0058 8091 E200 		lds r24,226
 160 005c 8160      		ori r24,lo8(1)
 161 005e 8093 E200 		sts 226,r24
 162               	.LVL5:
 163               	.LBE75:
 164               	.LBE74:
 165               	.LBB76:
 166               	.LBB77:
 167               	.LSM26:
 168 0062 8091 E200 		lds r24,226
 169 0066 8860      		ori r24,lo8(8)
 170 0068 8093 E200 		sts 226,r24
 171               	.LBE77:
 172               	.LBE76:
 173               	.LBB78:
 174               	.LBB79:
 175               	.LSM27:
 176 006c 8091 E000 		lds r24,224
 177 0070 8E7F      		andi r24,lo8(-2)
 178 0072 8093 E000 		sts 224,r24
 179               	/* epilogue start */
 180               	.LBE79:
 181               	.LBE78:
 182               	.LBE69:
 183               	.LBE68:
 184               	.LSM28:
 185 0076 0895      		ret
 186               	.LFE80:
 188               		.section	.text.USB_Init,"ax",@progbits
 189               	.global	USB_Init
 191               	USB_Init:
 192               	.LFB78:
 193               	.LSM29:
 194               	/* prologue: function */
 195               	/* frame size = 0 */
 196               	/* stack size = 0 */
 197               	.L__stack_usage = 0
 198               	.LBB80:
 199               	.LBB81:
 200               	.LSM30:
 201 0000 E3E6      		ldi r30,lo8(99)
 202 0002 F0E0      		ldi r31,hi8(99)
 203 0004 8081      		ld r24,Z
 204 0006 8E7F      		andi r24,lo8(-2)
 205 0008 8083      		st Z,r24
 206               	.LBE81:
 207               	.LBE80:
 208               	.LSM31:
 209 000a 81E0      		ldi r24,lo8(1)
 210 000c 8093 0000 		sts USB_IsInitialized,r24
 211               	.LSM32:
 212 0010 0E94 0000 		call USB_ResetInterface
 213               	/* epilogue start */
 214               	.LSM33:
 215 0014 0895      		ret
 216               	.LFE78:
 258               	.Letext0:
DEFINED SYMBOLS
                            *ABS*:00000000 USBController_AVR8.c
     /tmp/cchsk6Q2.s:2      *ABS*:0000003f __SREG__
     /tmp/cchsk6Q2.s:3      *ABS*:0000003e __SP_H__
     /tmp/cchsk6Q2.s:4      *ABS*:0000003d __SP_L__
     /tmp/cchsk6Q2.s:5      *ABS*:00000034 __CCP__
     /tmp/cchsk6Q2.s:6      *ABS*:00000000 __tmp_reg__
     /tmp/cchsk6Q2.s:7      *ABS*:00000001 __zero_reg__
     /tmp/cchsk6Q2.s:19     .text.USB_Disable:00000000 USB_Disable
     /tmp/cchsk6Q2.s:76     .text.USB_ResetInterface:00000000 USB_ResetInterface
     /tmp/cchsk6Q2.s:191    .text.USB_Init:00000000 USB_Init

UNDEFINED SYMBOLS
USB_INT_DisableAllInterrupts
USB_INT_ClearAllInterrupts
USB_IsInitialized
USB_DeviceState
USB_ConfigurationNumber
USB_RemoteWakeupEnabled
USB_CurrentlySelfPowered
Endpoint_ConfigureEndpoint_Prv
